2022-12-18T16:41:11.130689+0500 INFO Включение программы
2022-12-18T16:41:23.142087+0500 INFO Пользователь ввел 7
2022-12-18T16:41:23.143137+0500 INFO Программа вывела 1
2022-12-18T16:41:29.473080+0500 INFO Программа вывела 3
2022-12-18T16:41:30.848316+0500 INFO Программа вывела 4
2022-12-18T16:41:31.555643+0500 INFO Программа вывела 6
2022-12-18T16:41:32.386166+0500 INFO Программа вывела 5
2022-12-18T16:41:33.374509+0500 INFO Программа вывела 7
2022-12-18T16:41:34.563012+0500 INFO Программа вывела 2
2022-12-18T16:41:35.349313+0500 INFO Конец программы
2022-12-18T16:41:35.349313+0500 INFO Включение программы
2022-12-18T16:41:42.375947+0500 INFO Пользователь ввел 13
2022-12-18T16:41:42.375947+0500 INFO Программа вывела 9
2022-12-18T16:41:44.795110+0500 INFO Программа вывела 11
2022-12-18T16:41:45.755717+0500 INFO Программа вывела 10
2022-12-18T16:41:56.096905+0500 INFO Программа вывела 1
2022-12-18T16:41:56.768794+0500 INFO Программа вывела 6
2022-12-18T16:41:57.400409+0500 INFO Программа вывела 3
2022-12-18T16:41:58.334688+0500 INFO Программа вывела 13
2022-12-18T16:42:00.709107+0500 INFO Программа вывела 4
2022-12-18T16:42:01.562986+0500 INFO Программа вывела 2
2022-12-18T16:42:02.211827+0500 INFO Программа вывела 12
2022-12-18T16:42:03.336974+0500 INFO Программа вывела 8
2022-12-18T16:42:03.739660+0500 INFO Программа вывела 5
2022-12-18T16:42:04.285850+0500 INFO Конец программы
2022-12-18T16:42:04.285850+0500 INFO Включение программы
2022-12-18T16:42:04.842878+0500 ERROR Неправильное число
2022-12-18T16:42:04.842878+0500 INFO Включение программы
2022-12-18T16:42:28.648915+0500 INFO Пользователь ввел 25
2022-12-18T16:42:28.648915+0500 INFO Программа вывела 21
2022-12-18T16:42:30.170181+0500 INFO Программа вывела 16
2022-12-18T16:42:30.520384+0500 INFO Программа вывела 22
2022-12-18T16:42:30.900376+0500 INFO Программа вывела 23
2022-12-18T16:42:31.276744+0500 INFO Программа вывела 20
2022-12-18T16:42:31.638794+0500 INFO Программа вывела 11
2022-12-18T16:42:31.956619+0500 INFO Программа вывела 9
2022-12-18T16:42:32.293936+0500 INFO Программа вывела 18
2022-12-18T16:42:32.620983+0500 INFO Программа вывела 1
2022-12-18T16:42:32.942711+0500 INFO Программа вывела 4
2022-12-18T16:42:33.246600+0500 INFO Программа вывела 12
2022-12-18T16:42:33.538962+0500 INFO Программа вывела 8
2022-12-18T16:42:33.707778+0500 INFO Программа вывела 14
2022-12-18T16:42:33.867038+0500 INFO Программа вывела 19
2022-12-18T16:42:34.031791+0500 INFO Программа вывела 2
2022-12-18T16:42:34.202017+0500 INFO Программа вывела 5
2022-12-18T16:42:34.381117+0500 INFO Программа вывела 24
2022-12-18T16:42:34.559454+0500 INFO Программа вывела 25
2022-12-18T16:42:35.004097+0500 INFO Программа вывела 6
2022-12-18T16:42:35.396004+0500 INFO Программа вывела 3
2022-12-18T16:42:35.731490+0500 INFO Программа вывела 10
2022-12-18T16:42:36.149866+0500 INFO Программа вывела 17
2022-12-18T16:42:36.409547+0500 INFO Программа вывела 15
2022-12-18T16:42:36.558317+0500 INFO Конец программы
2022-12-18T16:42:36.559468+0500 INFO Включение программы
2022-12-18T16:42:36.960103+0500 ERROR Неправильное число
2022-12-18T16:42:36.960103+0500 INFO Включение программы
2022-12-18T16:42:37.152763+0500 ERROR Неправильное число
2022-12-18T16:42:37.152763+0500 INFO Включение программы
